2025-02-13 17:32:48,005 - INFO - Logging setup complete
2025-02-13 17:32:48,005 - INFO - Created directory: /home/anand/Videos/data science/logs
2025-02-13 17:32:48,005 - INFO - Created directory: /home/anand/Videos/data science/output
2025-02-13 17:32:48,006 - INFO - Created directory: /home/anand/Videos/data science/reports
2025-02-13 17:32:48,006 - INFO - Created directory: /home/anand/Videos/data science/reports/plots
2025-02-13 17:32:48,006 - INFO - Created directory: /home/anand/Videos/data science/scripts/logs
2025-02-13 17:32:48,304 - INFO - Loading data from /home/anand/Videos/data science/data/trade_history.csv
2025-02-13 17:32:48,781 - INFO - Columns found in CSV: ['Port_IDs', 'Trade_History']
2025-02-13 17:33:01,883 - WARNING - Skipping malformed trade history: malformed node or string: nan
2025-02-13 17:33:06,446 - INFO - Flattened data shape: (211277, 15)
2025-02-13 17:33:06,446 - INFO - Columns after flattening: ['timestamp', 'symbol', 'side', 'price', 'fee', 'feeAsset', 'quantity', 'quantityAsset', 'realizedProfit', 'realizedProfitAsset', 'baseAsset', 'qty', 'positionSide', 'activeBuy', 'Port_ID']
2025-02-13 17:33:06,458 - INFO - Trade data successfully loaded and flattened.
2025-02-13 17:33:06,631 - INFO - Data loaded successfully
2025-02-13 17:33:06,916 - WARNING - Found 78585 trades with unknown position type
2025-02-13 17:33:06,916 - INFO - Position types calculated successfully
2025-02-13 17:33:06,916 - INFO - Position types calculated
2025-02-13 17:33:06,916 - INFO - Starting analysis of all portfolios
2025-02-13 17:33:06,927 - INFO - Calculated metrics for portfolio 3925368433214965504
2025-02-13 17:33:06,933 - INFO - Calculated metrics for portfolio 4002413037164645377
2025-02-13 17:33:06,940 - INFO - Calculated metrics for portfolio 3923766029921022977
2025-02-13 17:33:06,946 - INFO - Calculated metrics for portfolio 3994879592543698688
2025-02-13 17:33:06,951 - INFO - Calculated metrics for portfolio 3926423286576838657
2025-02-13 17:33:06,978 - INFO - Calculated metrics for portfolio 3987739404272887297
2025-02-13 17:33:06,987 - INFO - Calculated metrics for portfolio 4030395639953224449
2025-02-13 17:33:06,995 - INFO - Calculated metrics for portfolio 3953433416230728705
2025-02-13 17:33:07,004 - INFO - Calculated metrics for portfolio 3919174299855478272
2025-02-13 17:33:07,013 - INFO - Calculated metrics for portfolio 4029749871687083265
2025-02-13 17:33:07,019 - INFO - Calculated metrics for portfolio 4013978721149559808
2025-02-13 17:33:07,030 - INFO - Calculated metrics for portfolio 3878631538480067329
2025-02-13 17:33:07,040 - INFO - Calculated metrics for portfolio 3996598927198996481
2025-02-13 17:33:07,045 - INFO - Calculated metrics for portfolio 4017323550554338817
2025-02-13 17:33:07,050 - INFO - Calculated metrics for portfolio 3988205565930333696
2025-02-13 17:33:07,055 - INFO - Calculated metrics for portfolio 3978449781300392193
2025-02-13 17:33:07,061 - INFO - Calculated metrics for portfolio 4031181049693676544
2025-02-13 17:33:07,080 - INFO - Calculated metrics for portfolio 4011626972687000576
2025-02-13 17:33:07,086 - INFO - Calculated metrics for portfolio 4023697881318718465
2025-02-13 17:33:07,093 - INFO - Calculated metrics for portfolio 4041804592937345281
2025-02-13 17:33:07,099 - INFO - Calculated metrics for portfolio 4031173908980084736
2025-02-13 17:33:07,105 - INFO - Calculated metrics for portfolio 3891020560590657281
2025-02-13 17:33:07,122 - INFO - Calculated metrics for portfolio 3956076827719377409
2025-02-13 17:33:07,133 - INFO - Calculated metrics for portfolio 4021669203289716224
2025-02-13 17:33:07,141 - INFO - Calculated metrics for portfolio 3944239644144231424
2025-02-13 17:33:07,148 - INFO - Calculated metrics for portfolio 3998572645139652353
2025-02-13 17:33:07,152 - INFO - Calculated metrics for portfolio 4031451549482615297
2025-02-13 17:33:07,156 - INFO - Calculated metrics for portfolio 4033639786957934336
2025-02-13 17:33:07,162 - INFO - Calculated metrics for portfolio 4029422834086627072
2025-02-13 17:33:07,167 - INFO - Calculated metrics for portfolio 3914654298562589441
2025-02-13 17:33:07,171 - INFO - Calculated metrics for portfolio 4030565764341697025
2025-02-13 17:33:07,177 - INFO - Calculated metrics for portfolio 4034786679304751616
2025-02-13 17:33:07,181 - INFO - Calculated metrics for portfolio 4029299190618134272
2025-02-13 17:33:07,185 - INFO - Calculated metrics for portfolio 4030555430101054209
2025-02-13 17:33:07,189 - INFO - Calculated metrics for portfolio 4031414524297538817
2025-02-13 17:33:07,201 - INFO - Calculated metrics for portfolio 3986814617275053313
2025-02-13 17:33:07,205 - INFO - Calculated metrics for portfolio 4019895412775450368
2025-02-13 17:33:07,211 - INFO - Calculated metrics for portfolio 4026179081117855488
2025-02-13 17:33:07,215 - INFO - Calculated metrics for portfolio 4036548677626662656
2025-02-13 17:33:07,218 - INFO - Calculated metrics for portfolio 4017110277719148289
2025-02-13 17:33:07,222 - INFO - Calculated metrics for portfolio 4035430878731345664
2025-02-13 17:33:07,225 - INFO - Calculated metrics for portfolio 3983074113875692800
2025-02-13 17:33:07,229 - INFO - Calculated metrics for portfolio 3981810242465907713
2025-02-13 17:33:07,237 - INFO - Calculated metrics for portfolio 3788465932399412480
2025-02-13 17:33:07,241 - INFO - Calculated metrics for portfolio 4023697433751327232
2025-02-13 17:33:07,245 - INFO - Calculated metrics for portfolio 4029506971304830209
2025-02-13 17:33:07,249 - INFO - Calculated metrics for portfolio 3977234346014419201
2025-02-13 17:33:07,261 - INFO - Calculated metrics for portfolio 3995532094997544704
2025-02-13 17:33:07,265 - INFO - Calculated metrics for portfolio 4037785885739608577
2025-02-13 17:33:07,271 - INFO - Calculated metrics for portfolio 3957509601040585217
2025-02-13 17:33:07,275 - INFO - Calculated metrics for portfolio 4028427053699127040
2025-02-13 17:33:07,283 - INFO - Calculated metrics for portfolio 4037121179310444801
2025-02-13 17:33:07,288 - INFO - Calculated metrics for portfolio 3941019213896463617
2025-02-13 17:33:07,291 - INFO - Calculated metrics for portfolio 4041860229502600193
2025-02-13 17:33:07,298 - INFO - Calculated metrics for portfolio 3988071780777702657
2025-02-13 17:33:07,303 - INFO - Calculated metrics for portfolio 4034359562055356161
2025-02-13 17:33:07,316 - INFO - Calculated metrics for portfolio 3939925275039085824
2025-02-13 17:33:07,323 - INFO - Calculated metrics for portfolio 4031493134338259457
2025-02-13 17:33:07,330 - INFO - Calculated metrics for portfolio 3977116548751698176
2025-02-13 17:33:07,335 - INFO - Calculated metrics for portfolio 4008537296438699777
2025-02-13 17:33:07,338 - INFO - Calculated metrics for portfolio 3936410995029308417
2025-02-13 17:33:07,343 - INFO - Calculated metrics for portfolio 4033614723417828608
2025-02-13 17:33:07,348 - INFO - Calculated metrics for portfolio 4037282461943784704
2025-02-13 17:33:07,353 - INFO - Calculated metrics for portfolio 4012994295026226176
2025-02-13 17:33:07,361 - INFO - Calculated metrics for portfolio 3960874214179953664
2025-02-13 17:33:07,364 - INFO - Calculated metrics for portfolio 4040843843196854529
2025-02-13 17:33:07,370 - INFO - Calculated metrics for portfolio 3991414786174551297
2025-02-13 17:33:07,380 - INFO - Calculated metrics for portfolio 3932103299427844097
2025-02-13 17:33:07,387 - INFO - Calculated metrics for portfolio 3966142151544441601
2025-02-13 17:33:07,391 - INFO - Calculated metrics for portfolio 3910887259807777281
2025-02-13 17:33:07,405 - INFO - Calculated metrics for portfolio 3887577207880438784
2025-02-13 17:33:07,411 - INFO - Calculated metrics for portfolio 4037179073830813185
2025-02-13 17:33:07,424 - INFO - Calculated metrics for portfolio 4021243448368889856
2025-02-13 17:33:07,430 - INFO - Calculated metrics for portfolio 4004410127575640832
2025-02-13 17:33:07,435 - INFO - Calculated metrics for portfolio 4006366295148391425
2025-02-13 17:33:07,440 - INFO - Calculated metrics for portfolio 3939318616482048768
2025-02-13 17:33:07,453 - INFO - Calculated metrics for portfolio 4000877324693233921
2025-02-13 17:33:07,459 - INFO - Calculated metrics for portfolio 3879821005658659073
2025-02-13 17:33:07,464 - INFO - Calculated metrics for portfolio 3993014919980212480
2025-02-13 17:33:07,469 - INFO - Calculated metrics for portfolio 4030626027667524352
2025-02-13 17:33:07,473 - INFO - Calculated metrics for portfolio 4037073643537925121
2025-02-13 17:33:07,476 - INFO - Calculated metrics for portfolio 3944658614777849089
2025-02-13 17:33:07,490 - INFO - Calculated metrics for portfolio 4020204877254599680
2025-02-13 17:33:07,495 - INFO - Calculated metrics for portfolio 3819545518395756033
2025-02-13 17:33:07,511 - INFO - Calculated metrics for portfolio 3931992636670880512
2025-02-13 17:33:07,525 - INFO - Calculated metrics for portfolio 4022641794255717633
2025-02-13 17:33:07,531 - INFO - Calculated metrics for portfolio 3672754654734989568
2025-02-13 17:33:07,536 - INFO - Calculated metrics for portfolio 4022565861939831809
2025-02-13 17:33:07,547 - INFO - Calculated metrics for portfolio 3942630767220672256
2025-02-13 17:33:07,554 - INFO - Calculated metrics for portfolio 4027747397961573889
2025-02-13 17:33:07,559 - INFO - Calculated metrics for portfolio 3786761687746711808
2025-02-13 17:33:07,568 - INFO - Calculated metrics for portfolio 3999845462424248576
2025-02-13 17:33:07,573 - INFO - Calculated metrics for portfolio 4032403303704824321
2025-02-13 17:33:07,578 - INFO - Calculated metrics for portfolio 4035034554469394176
2025-02-13 17:33:07,593 - INFO - Calculated metrics for portfolio 3944088772635000577
2025-02-13 17:33:07,607 - INFO - Calculated metrics for portfolio 3946087913459823360
2025-02-13 17:33:07,611 - INFO - Calculated metrics for portfolio 4004713168329653760
2025-02-13 17:33:07,616 - INFO - Calculated metrics for portfolio 3930688517098515713
2025-02-13 17:33:07,621 - INFO - Calculated metrics for portfolio 3949329502284748801
2025-02-13 17:33:07,636 - INFO - Calculated metrics for portfolio 3784403294629753856
2025-02-13 17:33:07,651 - INFO - Calculated metrics for portfolio 3977078013600312321
2025-02-13 17:33:07,657 - INFO - Calculated metrics for portfolio 4013955990069013504
2025-02-13 17:33:07,668 - INFO - Calculated metrics for portfolio 3951723256343550465
2025-02-13 17:33:07,673 - INFO - Calculated metrics for portfolio 3858510226868015873
2025-02-13 17:33:07,678 - INFO - Calculated metrics for portfolio 4030708912786799105
2025-02-13 17:33:07,683 - INFO - Calculated metrics for portfolio 4030635536196756737
2025-02-13 17:33:07,688 - INFO - Calculated metrics for portfolio 4030392204221219329
2025-02-13 17:33:07,693 - INFO - Calculated metrics for portfolio 4008711265867865600
2025-02-13 17:33:07,699 - INFO - Calculated metrics for portfolio 3962024093501274881
2025-02-13 17:33:07,703 - INFO - Calculated metrics for portfolio 4039279455324236544
2025-02-13 17:33:07,707 - INFO - Calculated metrics for portfolio 4029507714735307777
2025-02-13 17:33:07,711 - INFO - Calculated metrics for portfolio 4031408429897920512
2025-02-13 17:33:07,716 - INFO - Calculated metrics for portfolio 4016164457907769600
2025-02-13 17:33:07,721 - INFO - Calculated metrics for portfolio 3865845304835489536
2025-02-13 17:33:07,726 - INFO - Calculated metrics for portfolio 3733192481840423936
2025-02-13 17:33:07,734 - INFO - Calculated metrics for portfolio 3976088733682659585
2025-02-13 17:33:07,739 - INFO - Calculated metrics for portfolio 3953764659057081857
2025-02-13 17:33:07,746 - INFO - Calculated metrics for portfolio 3943533600390906881
2025-02-13 17:33:07,756 - INFO - Calculated metrics for portfolio 3907081197088384000
2025-02-13 17:33:07,763 - INFO - Calculated metrics for portfolio 3886752488982104320
2025-02-13 17:33:07,768 - INFO - Calculated metrics for portfolio 4031673021422897664
2025-02-13 17:33:07,771 - INFO - Calculated metrics for portfolio 4037717032428033792
2025-02-13 17:33:07,778 - INFO - Calculated metrics for portfolio 3975392755164484097
2025-02-13 17:33:07,789 - INFO - Calculated metrics for portfolio 3949214983441029120
2025-02-13 17:33:07,796 - INFO - Calculated metrics for portfolio 3935808725185052672
2025-02-13 17:33:07,800 - INFO - Calculated metrics for portfolio 4040382575336130560
2025-02-13 17:33:07,810 - INFO - Calculated metrics for portfolio 3999240873283311617
2025-02-13 17:33:07,815 - INFO - Calculated metrics for portfolio 3880920727367689984
2025-02-13 17:33:07,819 - INFO - Calculated metrics for portfolio 3956048468100538880
2025-02-13 17:33:07,822 - INFO - Calculated metrics for portfolio 4038768306117031680
2025-02-13 17:33:07,826 - INFO - Calculated metrics for portfolio 3826087012661391104
2025-02-13 17:33:07,831 - INFO - Calculated metrics for portfolio 3937714876784951296
2025-02-13 17:33:07,840 - INFO - Calculated metrics for portfolio 3993222640082269952
2025-02-13 17:33:07,846 - INFO - Calculated metrics for portfolio 3910983669796782848
2025-02-13 17:33:07,850 - INFO - Calculated metrics for portfolio 3952087967771302912
2025-02-13 17:33:07,856 - INFO - Calculated metrics for portfolio 4037511388357114368
2025-02-13 17:33:07,861 - INFO - Calculated metrics for portfolio 4023616625178799873
2025-02-13 17:33:07,868 - INFO - Calculated metrics for portfolio 3975304792994095360
2025-02-13 17:33:07,884 - INFO - Calculated metrics for portfolio 4017263283405469185
2025-02-13 17:33:07,892 - INFO - Calculated metrics for portfolio 3818233536529843712
2025-02-13 17:33:07,895 - INFO - Calculated metrics for portfolio 4039129759104249600
2025-02-13 17:33:07,900 - INFO - Calculated metrics for portfolio 3911997667197443328
2025-02-13 17:33:07,905 - INFO - Calculated metrics for portfolio 4008804082027254529
2025-02-13 17:33:07,917 - INFO - Calculated metrics for portfolio 3988187872032603905
2025-02-13 17:33:07,924 - INFO - Calculated metrics for portfolio 4000222729738650369
2025-02-13 17:33:07,928 - INFO - Calculated metrics for portfolio 3998659472131949824
2025-02-13 17:33:07,933 - INFO - Calculated metrics for portfolio 4028701921959171840
2025-02-13 17:33:07,938 - INFO - Calculated metrics for portfolio 4014818740371615232
2025-02-13 17:33:07,942 - INFO - Calculated metrics for portfolio 3768170840939476993
2025-02-13 17:33:07,943 - INFO - Completed analysis of 149 portfolios
2025-02-13 17:33:07,947 - INFO - Generated top 20 portfolios ranking
2025-02-13 17:33:07,947 - ERROR - Error saving results: 'str' object has no attribute 'parent'
2025-02-13 17:33:07,947 - ERROR - Error during analysis: 'str' object has no attribute 'parent'
2025-02-13 17:36:04,202 - INFO - Logging setup complete
2025-02-13 17:36:04,202 - INFO - Created directory: /home/anand/Videos/data science/logs
2025-02-13 17:36:04,202 - INFO - Created directory: /home/anand/Videos/data science/output
2025-02-13 17:36:04,202 - INFO - Created directory: /home/anand/Videos/data science/reports
2025-02-13 17:36:04,202 - INFO - Created directory: /home/anand/Videos/data science/reports/plots
2025-02-13 17:36:04,202 - INFO - Created directory: /home/anand/Videos/data science/scripts/logs
2025-02-13 17:36:04,497 - INFO - Loading data from /home/anand/Videos/data science/data/trade_history.csv
2025-02-13 17:36:05,019 - INFO - Columns found in CSV: ['Port_IDs', 'Trade_History']
2025-02-13 17:36:17,787 - WARNING - Skipping malformed trade history: malformed node or string: nan
2025-02-13 17:36:22,589 - INFO - Flattened data shape: (211277, 15)
2025-02-13 17:36:22,589 - INFO - Columns after flattening: ['timestamp', 'symbol', 'side', 'price', 'fee', 'feeAsset', 'quantity', 'quantityAsset', 'realizedProfit', 'realizedProfitAsset', 'baseAsset', 'qty', 'positionSide', 'activeBuy', 'Port_ID']
2025-02-13 17:36:22,601 - INFO - Trade data successfully loaded and flattened.
2025-02-13 17:36:22,782 - INFO - Data loaded successfully
2025-02-13 17:36:23,039 - WARNING - Found 78585 trades with unknown position type
2025-02-13 17:36:23,040 - INFO - Position types calculated successfully
2025-02-13 17:36:23,040 - INFO - Position types calculated
2025-02-13 17:36:23,040 - INFO - Starting analysis of all portfolios
2025-02-13 17:36:23,050 - INFO - Calculated metrics for portfolio 3925368433214965504
2025-02-13 17:36:23,057 - INFO - Calculated metrics for portfolio 4002413037164645377
2025-02-13 17:36:23,063 - INFO - Calculated metrics for portfolio 3923766029921022977
2025-02-13 17:36:23,069 - INFO - Calculated metrics for portfolio 3994879592543698688
2025-02-13 17:36:23,076 - INFO - Calculated metrics for portfolio 3926423286576838657
2025-02-13 17:36:23,093 - INFO - Calculated metrics for portfolio 3987739404272887297
2025-02-13 17:36:23,099 - INFO - Calculated metrics for portfolio 4030395639953224449
2025-02-13 17:36:23,105 - INFO - Calculated metrics for portfolio 3953433416230728705
2025-02-13 17:36:23,113 - INFO - Calculated metrics for portfolio 3919174299855478272
2025-02-13 17:36:23,118 - INFO - Calculated metrics for portfolio 4029749871687083265
2025-02-13 17:36:23,125 - INFO - Calculated metrics for portfolio 4013978721149559808
2025-02-13 17:36:23,136 - INFO - Calculated metrics for portfolio 3878631538480067329
2025-02-13 17:36:23,150 - INFO - Calculated metrics for portfolio 3996598927198996481
2025-02-13 17:36:23,157 - INFO - Calculated metrics for portfolio 4017323550554338817
2025-02-13 17:36:23,164 - INFO - Calculated metrics for portfolio 3988205565930333696
2025-02-13 17:36:23,171 - INFO - Calculated metrics for portfolio 3978449781300392193
2025-02-13 17:36:23,180 - INFO - Calculated metrics for portfolio 4031181049693676544
2025-02-13 17:36:23,197 - INFO - Calculated metrics for portfolio 4011626972687000576
2025-02-13 17:36:23,203 - INFO - Calculated metrics for portfolio 4023697881318718465
2025-02-13 17:36:23,212 - INFO - Calculated metrics for portfolio 4041804592937345281
2025-02-13 17:36:23,216 - INFO - Calculated metrics for portfolio 4031173908980084736
2025-02-13 17:36:23,221 - INFO - Calculated metrics for portfolio 3891020560590657281
2025-02-13 17:36:23,236 - INFO - Calculated metrics for portfolio 3956076827719377409
2025-02-13 17:36:23,247 - INFO - Calculated metrics for portfolio 4021669203289716224
2025-02-13 17:36:23,253 - INFO - Calculated metrics for portfolio 3944239644144231424
2025-02-13 17:36:23,261 - INFO - Calculated metrics for portfolio 3998572645139652353
2025-02-13 17:36:23,268 - INFO - Calculated metrics for portfolio 4031451549482615297
2025-02-13 17:36:23,274 - INFO - Calculated metrics for portfolio 4033639786957934336
2025-02-13 17:36:23,278 - INFO - Calculated metrics for portfolio 4029422834086627072
2025-02-13 17:36:23,284 - INFO - Calculated metrics for portfolio 3914654298562589441
2025-02-13 17:36:23,294 - INFO - Calculated metrics for portfolio 4030565764341697025
2025-02-13 17:36:23,298 - INFO - Calculated metrics for portfolio 4034786679304751616
2025-02-13 17:36:23,303 - INFO - Calculated metrics for portfolio 4029299190618134272
2025-02-13 17:36:23,310 - INFO - Calculated metrics for portfolio 4030555430101054209
2025-02-13 17:36:23,316 - INFO - Calculated metrics for portfolio 4031414524297538817
2025-02-13 17:36:23,329 - INFO - Calculated metrics for portfolio 3986814617275053313
2025-02-13 17:36:23,334 - INFO - Calculated metrics for portfolio 4019895412775450368
2025-02-13 17:36:23,341 - INFO - Calculated metrics for portfolio 4026179081117855488
2025-02-13 17:36:23,346 - INFO - Calculated metrics for portfolio 4036548677626662656
2025-02-13 17:36:23,349 - INFO - Calculated metrics for portfolio 4017110277719148289
2025-02-13 17:36:23,353 - INFO - Calculated metrics for portfolio 4035430878731345664
2025-02-13 17:36:23,360 - INFO - Calculated metrics for portfolio 3983074113875692800
2025-02-13 17:36:23,364 - INFO - Calculated metrics for portfolio 3981810242465907713
2025-02-13 17:36:23,377 - INFO - Calculated metrics for portfolio 3788465932399412480
2025-02-13 17:36:23,381 - INFO - Calculated metrics for portfolio 4023697433751327232
2025-02-13 17:36:23,385 - INFO - Calculated metrics for portfolio 4029506971304830209
2025-02-13 17:36:23,391 - INFO - Calculated metrics for portfolio 3977234346014419201
2025-02-13 17:36:23,408 - INFO - Calculated metrics for portfolio 3995532094997544704
2025-02-13 17:36:23,415 - INFO - Calculated metrics for portfolio 4037785885739608577
2025-02-13 17:36:23,424 - INFO - Calculated metrics for portfolio 3957509601040585217
2025-02-13 17:36:23,430 - INFO - Calculated metrics for portfolio 4028427053699127040
2025-02-13 17:36:23,437 - INFO - Calculated metrics for portfolio 4037121179310444801
2025-02-13 17:36:23,445 - INFO - Calculated metrics for portfolio 3941019213896463617
2025-02-13 17:36:23,449 - INFO - Calculated metrics for portfolio 4041860229502600193
2025-02-13 17:36:23,459 - INFO - Calculated metrics for portfolio 3988071780777702657
2025-02-13 17:36:23,465 - INFO - Calculated metrics for portfolio 4034359562055356161
2025-02-13 17:36:23,485 - INFO - Calculated metrics for portfolio 3939925275039085824
2025-02-13 17:36:23,497 - INFO - Calculated metrics for portfolio 4031493134338259457
2025-02-13 17:36:23,504 - INFO - Calculated metrics for portfolio 3977116548751698176
2025-02-13 17:36:23,513 - INFO - Calculated metrics for portfolio 4008537296438699777
2025-02-13 17:36:23,517 - INFO - Calculated metrics for portfolio 3936410995029308417
2025-02-13 17:36:23,525 - INFO - Calculated metrics for portfolio 4033614723417828608
2025-02-13 17:36:23,532 - INFO - Calculated metrics for portfolio 4037282461943784704
2025-02-13 17:36:23,538 - INFO - Calculated metrics for portfolio 4012994295026226176
2025-02-13 17:36:23,551 - INFO - Calculated metrics for portfolio 3960874214179953664
2025-02-13 17:36:23,557 - INFO - Calculated metrics for portfolio 4040843843196854529
2025-02-13 17:36:23,564 - INFO - Calculated metrics for portfolio 3991414786174551297
2025-02-13 17:36:23,575 - INFO - Calculated metrics for portfolio 3932103299427844097
2025-02-13 17:36:23,584 - INFO - Calculated metrics for portfolio 3966142151544441601
2025-02-13 17:36:23,593 - INFO - Calculated metrics for portfolio 3910887259807777281
2025-02-13 17:36:23,611 - INFO - Calculated metrics for portfolio 3887577207880438784
2025-02-13 17:36:23,616 - INFO - Calculated metrics for portfolio 4037179073830813185
2025-02-13 17:36:23,644 - INFO - Calculated metrics for portfolio 4021243448368889856
2025-02-13 17:36:23,653 - INFO - Calculated metrics for portfolio 4004410127575640832
2025-02-13 17:36:23,665 - INFO - Calculated metrics for portfolio 4006366295148391425
2025-02-13 17:36:23,669 - INFO - Calculated metrics for portfolio 3939318616482048768
2025-02-13 17:36:23,695 - INFO - Calculated metrics for portfolio 4000877324693233921
2025-02-13 17:36:23,702 - INFO - Calculated metrics for portfolio 3879821005658659073
2025-02-13 17:36:23,713 - INFO - Calculated metrics for portfolio 3993014919980212480
2025-02-13 17:36:23,718 - INFO - Calculated metrics for portfolio 4030626027667524352
2025-02-13 17:36:23,725 - INFO - Calculated metrics for portfolio 4037073643537925121
2025-02-13 17:36:23,731 - INFO - Calculated metrics for portfolio 3944658614777849089
2025-02-13 17:36:23,752 - INFO - Calculated metrics for portfolio 4020204877254599680
2025-02-13 17:36:23,761 - INFO - Calculated metrics for portfolio 3819545518395756033
2025-02-13 17:36:23,778 - INFO - Calculated metrics for portfolio 3931992636670880512
2025-02-13 17:36:23,800 - INFO - Calculated metrics for portfolio 4022641794255717633
2025-02-13 17:36:23,808 - INFO - Calculated metrics for portfolio 3672754654734989568
2025-02-13 17:36:23,815 - INFO - Calculated metrics for portfolio 4022565861939831809
2025-02-13 17:36:23,831 - INFO - Calculated metrics for portfolio 3942630767220672256
2025-02-13 17:36:23,838 - INFO - Calculated metrics for portfolio 4027747397961573889
2025-02-13 17:36:23,846 - INFO - Calculated metrics for portfolio 3786761687746711808
2025-02-13 17:36:23,858 - INFO - Calculated metrics for portfolio 3999845462424248576
2025-02-13 17:36:23,865 - INFO - Calculated metrics for portfolio 4032403303704824321
2025-02-13 17:36:23,870 - INFO - Calculated metrics for portfolio 4035034554469394176
2025-02-13 17:36:23,890 - INFO - Calculated metrics for portfolio 3944088772635000577
2025-02-13 17:36:23,911 - INFO - Calculated metrics for portfolio 3946087913459823360
2025-02-13 17:36:23,915 - INFO - Calculated metrics for portfolio 4004713168329653760
2025-02-13 17:36:23,922 - INFO - Calculated metrics for portfolio 3930688517098515713
2025-02-13 17:36:23,928 - INFO - Calculated metrics for portfolio 3949329502284748801
2025-02-13 17:36:23,951 - INFO - Calculated metrics for portfolio 3784403294629753856
2025-02-13 17:36:23,970 - INFO - Calculated metrics for portfolio 3977078013600312321
2025-02-13 17:36:23,980 - INFO - Calculated metrics for portfolio 4013955990069013504
2025-02-13 17:36:23,995 - INFO - Calculated metrics for portfolio 3951723256343550465
2025-02-13 17:36:24,001 - INFO - Calculated metrics for portfolio 3858510226868015873
2025-02-13 17:36:24,007 - INFO - Calculated metrics for portfolio 4030708912786799105
2025-02-13 17:36:24,016 - INFO - Calculated metrics for portfolio 4030635536196756737
2025-02-13 17:36:24,020 - INFO - Calculated metrics for portfolio 4030392204221219329
2025-02-13 17:36:24,029 - INFO - Calculated metrics for portfolio 4008711265867865600
2025-02-13 17:36:24,035 - INFO - Calculated metrics for portfolio 3962024093501274881
2025-02-13 17:36:24,043 - INFO - Calculated metrics for portfolio 4039279455324236544
2025-02-13 17:36:24,049 - INFO - Calculated metrics for portfolio 4029507714735307777
2025-02-13 17:36:24,052 - INFO - Calculated metrics for portfolio 4031408429897920512
2025-02-13 17:36:24,063 - INFO - Calculated metrics for portfolio 4016164457907769600
2025-02-13 17:36:24,068 - INFO - Calculated metrics for portfolio 3865845304835489536
2025-02-13 17:36:24,076 - INFO - Calculated metrics for portfolio 3733192481840423936
2025-02-13 17:36:24,086 - INFO - Calculated metrics for portfolio 3976088733682659585
2025-02-13 17:36:24,096 - INFO - Calculated metrics for portfolio 3953764659057081857
2025-02-13 17:36:24,102 - INFO - Calculated metrics for portfolio 3943533600390906881
2025-02-13 17:36:24,118 - INFO - Calculated metrics for portfolio 3907081197088384000
2025-02-13 17:36:24,129 - INFO - Calculated metrics for portfolio 3886752488982104320
2025-02-13 17:36:24,134 - INFO - Calculated metrics for portfolio 4031673021422897664
2025-02-13 17:36:24,140 - INFO - Calculated metrics for portfolio 4037717032428033792
2025-02-13 17:36:24,150 - INFO - Calculated metrics for portfolio 3975392755164484097
2025-02-13 17:36:24,167 - INFO - Calculated metrics for portfolio 3949214983441029120
2025-02-13 17:36:24,179 - INFO - Calculated metrics for portfolio 3935808725185052672
2025-02-13 17:36:24,182 - INFO - Calculated metrics for portfolio 4040382575336130560
2025-02-13 17:36:24,198 - INFO - Calculated metrics for portfolio 3999240873283311617
2025-02-13 17:36:24,203 - INFO - Calculated metrics for portfolio 3880920727367689984
2025-02-13 17:36:24,210 - INFO - Calculated metrics for portfolio 3956048468100538880
2025-02-13 17:36:24,215 - INFO - Calculated metrics for portfolio 4038768306117031680
2025-02-13 17:36:24,223 - INFO - Calculated metrics for portfolio 3826087012661391104
2025-02-13 17:36:24,230 - INFO - Calculated metrics for portfolio 3937714876784951296
2025-02-13 17:36:24,243 - INFO - Calculated metrics for portfolio 3993222640082269952
2025-02-13 17:36:24,250 - INFO - Calculated metrics for portfolio 3910983669796782848
2025-02-13 17:36:24,256 - INFO - Calculated metrics for portfolio 3952087967771302912
2025-02-13 17:36:24,264 - INFO - Calculated metrics for portfolio 4037511388357114368
2025-02-13 17:36:24,270 - INFO - Calculated metrics for portfolio 4023616625178799873
2025-02-13 17:36:24,281 - INFO - Calculated metrics for portfolio 3975304792994095360
2025-02-13 17:36:24,302 - INFO - Calculated metrics for portfolio 4017263283405469185
2025-02-13 17:36:24,313 - INFO - Calculated metrics for portfolio 3818233536529843712
2025-02-13 17:36:24,317 - INFO - Calculated metrics for portfolio 4039129759104249600
2025-02-13 17:36:24,324 - INFO - Calculated metrics for portfolio 3911997667197443328
2025-02-13 17:36:24,331 - INFO - Calculated metrics for portfolio 4008804082027254529
2025-02-13 17:36:24,350 - INFO - Calculated metrics for portfolio 3988187872032603905
2025-02-13 17:36:24,360 - INFO - Calculated metrics for portfolio 4000222729738650369
2025-02-13 17:36:24,364 - INFO - Calculated metrics for portfolio 3998659472131949824
2025-02-13 17:36:24,370 - INFO - Calculated metrics for portfolio 4028701921959171840
2025-02-13 17:36:24,378 - INFO - Calculated metrics for portfolio 4014818740371615232
2025-02-13 17:36:24,382 - INFO - Calculated metrics for portfolio 3768170840939476993
2025-02-13 17:36:24,383 - INFO - Completed analysis of 149 portfolios
2025-02-13 17:36:24,388 - INFO - Generated top 20 portfolios ranking
2025-02-13 17:36:24,390 - ERROR - Error saving results: 'str' object has no attribute 'parent'
2025-02-13 17:36:24,390 - ERROR - Error during analysis: 'str' object has no attribute 'parent'
